<?xml version="1.0" encoding="UTF-8"?><testsuite name="nosetests" tests="34" errors="0" failures="0" skip="0"><testcase classname="retools.tests.test_cache.TestCacheDecorator" name="test_cache_disabled" time="0.003" /><testcase classname="retools.tests.test_cache.TestCacheDecorator" name="test_generate" time="0.003" /><testcase classname="retools.tests.test_cache.TestCacheDecorator" name="test_no_region" time="0.000" /><testcase classname="retools.tests.test_cache.TestCacheDecorator" name="test_unicode_keys" time="0.070" /><testcase classname="retools.tests.test_cache.TestCacheKey" name="test_key_config" time="0.000" /><testcase classname="retools.tests.test_cache.TestCacheRegion" name="test_add_region" time="0.000" /><testcase classname="retools.tests.test_cache.TestCacheRegion" name="test_existing_expired_value_with_lock_timeout" time="0.002" /><testcase classname="retools.tests.test_cache.TestCacheRegion" name="test_existing_value" time="0.001" /><testcase classname="retools.tests.test_cache.TestCacheRegion" name="test_existing_value_no_regen" time="0.001" /><testcase classname="retools.tests.test_cache.TestCacheRegion" name="test_generate_value" time="0.003" /><testcase classname="retools.tests.test_cache.TestCacheRegion" name="test_generate_value_no_stats" time="0.002" /><testcase classname="retools.tests.test_cache.TestCacheRegion" name="test_generate_value_other_creator" time="0.002" /><testcase classname="retools.tests.test_cache.TestCacheRegion" name="test_new_value_and_misses" time="0.003" /><testcase classname="retools.tests.test_cache.TestCacheRegion" name="test_no_value_with_lock_timeout" time="0.522" /><testcase classname="retools.tests.test_cache.TestCacheRegion" name="test_return_marker" time="0.001" /><testcase classname="retools.tests.test_cache.TestCacheRegion" name="test_value_created_after_check_but_expired" time="0.003" /><testcase classname="retools.tests.test_cache.TestCacheRegion" name="test_value_expired_and_no_lock" time="0.003" /><testcase classname="retools.tests.test_cache.TestInvalidFunction" name="test_invalidate_function_with_args" time="0.001" /><testcase classname="retools.tests.test_cache.TestInvalidFunction" name="test_invalidate_function_without_args" time="0.001" /><testcase classname="retools.tests.test_cache.TestInvalidateRegion" name="test_invalidate_region_empty" time="0.000" /><testcase classname="retools.tests.test_cache.TestInvalidateRegion" name="test_invalidate_small_region" time="0.001" /><testcase classname="retools.tests.test_cache.TestInvalidateRegion" name="test_remove_nonexistent_key" time="0.001" /><testcase classname="retools.tests.test_lock.TestLock" name="test_contention" time="0.001" /><testcase classname="retools.tests.test_lock.TestLock" name="test_contention_and_someone_else_replacing_timeout" time="0.001" /><testcase classname="retools.tests.test_lock.TestLock" name="test_nocontention" time="0.001" /><testcase classname="retools.tests.test_lock.TestLock" name="test_nocontention_and_no_lock_delete" time="0.001" /><testcase classname="retools.tests.test_lock.TestLock" name="test_redis_sub" time="0.001" /><testcase classname="retools.tests.test_lock.TestLock" name="test_timeout_current_val_is_newer" time="0.001" /><testcase classname="retools.tests.test_lock.TestLock" name="test_timeout_no_current_value_and_mock_redis" time="0.001" /><testcase classname="retools.tests.test_queue.TestJob" name="test_enqueue_job" time="0.141" /><testcase classname="retools.tests.test_queue.TestJob" name="test_enqueue_job_by_name" time="0.001" /><testcase classname="retools.tests.test_util.TestContextManager" name="test_nest_call" time="0.000" /><testcase classname="retools.tests.test_util.TestNamespaceFunc" name="test_class_method_name" time="0.000" /><testcase classname="retools.tests.test_util.TestNamespaceFunc" name="test_func_name" time="0.000" /></testsuite>