<?xml version="1.0" encoding="UTF-8"?><testsuite name="nosetests" tests="6" errors="0" failures="0" skip="0"><testcase classname="ltweb.tests" name="test_loadtasks" time="0.112" /><testcase classname="ltweb.tests.test_app.AppTests" name="test_appcreation" time="0.197" /><testcase classname="ltweb.tests.test_io" name="test_publish" time="0.001" /><testcase classname="ltweb.tests.test_views.ViewTests" name="test_index" time="0.002" /><testcase classname="ltweb.tests.test_views.ViewTests" name="test_jobs_collection_api" time="0.003" /><testcase classname="ltweb.tests" name="test_loadtasks" time="0.000" /></testsuite>